New log file opened at Thu Sep 17 08:05:34 EDT 2015 by 5024@E430-SPED-22
Sending msg to client play-fork-run-7a8a40bf-e8d0-426b-b645-405a5dc80c4b: DetachedLogEvent(LogMessage(debug,sbt server socket logs are in: C:\Users\bram.zerbe\dzerbewebsite\.sbtserver\connections\master.log))
Sending msg to client play-fork-run-7a8a40bf-e8d0-426b-b645-405a5dc80c4b: DetachedLogEvent(LogMessage(debug,sbt general server logs are in: C:\Users\bram.zerbe\dzerbewebsite\.sbtserver\master.log))
Sending msg to client play-fork-run-7a8a40bf-e8d0-426b-b645-405a5dc80c4b: DetachedLogEvent(LogMessage(debug,sbt client logs are in: C:\Users\bram.zerbe\dzerbewebsite\.sbtserver\connections\play-fork-run-7a8a40bf-e8d0-426b-b645-405a5dc80c4b.log))
Reading next message from client.
Got request: DaemonRequest(true)
Reading next message from client.
Sending msg to client play-fork-run-7a8a40bf-e8d0-426b-b645-405a5dc80c4b: (3,ReceivedResponse())
Got request: ListenToEvents()
Reading next message from client.
Got request: KeyLookupRequest(root/playForkConfig)
Reading next message from client.
Sending msg to client play-fork-run-7a8a40bf-e8d0-426b-b645-405a5dc80c4b: BackgroundJobStarted(79,BackgroundJobInfo(15,backgroundRun,AttributeKey[sbt.BackgroundJobHandle]("backgroundRun") in Scope(Build: file:/C:/Users/bram.zerbe/dzerbewebsite/, , Project: ProjectReference(file:/C:/Users/bram.zerbe/dzerbewebsite/,root), Config: compile)))
Sending msg to client play-fork-run-7a8a40bf-e8d0-426b-b645-405a5dc80c4b: BackgroundJobStarted(74,BackgroundJobInfo(14,backgroundRun,AttributeKey[sbt.BackgroundJobHandle]("backgroundRun") in Scope(Build: file:/C:/Users/bram.zerbe/dzerbewebsite/, , Project: ProjectReference(file:/C:/Users/bram.zerbe/dzerbewebsite/,root), Config: compile)))
Sending msg to client play-fork-run-7a8a40bf-e8d0-426b-b645-405a5dc80c4b: (4,ReceivedResponse())
Sending msg to client play-fork-run-7a8a40bf-e8d0-426b-b645-405a5dc80c4b: (5,KeyLookupResponse(root/playForkConfig,Vector(AttributeKey[play.forkrun.protocol.ForkConfig]("playForkConfig") in Scope(Build: file:/C:/Users/bram.zerbe/dzerbewebsite/, , Project: ProjectReference(file:/C:/Users/bram.zerbe/dzerbewebsite/,root)))))
Got request: ListenToValue(AttributeKey[play.forkrun.protocol.ForkConfig]("playForkConfig") in Scope(Build: file:/C:/Users/bram.zerbe/dzerbewebsite/, , Project: ProjectReference(file:/C:/Users/bram.zerbe/dzerbewebsite/,root)))
Reading next message from client.
Sending msg to client play-fork-run-7a8a40bf-e8d0-426b-b645-405a5dc80c4b: (6,ReceivedResponse())
Got request: KeyExecutionRequest(AttributeKey[play.forkrun.protocol.ForkConfig]("playForkConfig") in Scope(Build: file:/C:/Users/bram.zerbe/dzerbewebsite/, , Project: ProjectReference(file:/C:/Users/bram.zerbe/dzerbewebsite/,root)))
Reading next message from client.
Sending msg to client play-fork-run-7a8a40bf-e8d0-426b-b645-405a5dc80c4b: (7,ExecutionRequestReceived(80))
Sending msg to client play-fork-run-7a8a40bf-e8d0-426b-b645-405a5dc80c4b: ExecutionWaiting(80,{file:/C:/Users/bram.zerbe/dzerbewebsite/}root/*:playForkConfig,ClientInfo(7a8a40bf-e8d0-426b-b645-405a5dc80c4b,play-fork-run,Play Fork Run,1,Vector()))
Sending msg to client play-fork-run-7a8a40bf-e8d0-426b-b645-405a5dc80c4b: ExecutionStarting(80)
Sending msg to client play-fork-run-7a8a40bf-e8d0-426b-b645-405a5dc80c4b: DetachedLogEvent(LogMessage(debug,> {file:/C:/Users/bram.zerbe/dzerbewebsite/}root/*:playForkConfig))
Sending msg to client play-fork-run-7a8a40bf-e8d0-426b-b645-405a5dc80c4b: DetachedLogEvent(LogMessage(debug,Evaluating tasks: *:playForkConfig))
Sending msg to client play-fork-run-7a8a40bf-e8d0-426b-b645-405a5dc80c4b: DetachedLogEvent(LogMessage(debug,Running task... Cancel: sbt.server.ServerTaskCancellation@4ebd0d60, check cycles: false))
Sending msg to client play-fork-run-7a8a40bf-e8d0-426b-b645-405a5dc80c4b: DetachedLogEvent(LogMessage(debug,cancel strategy start enabled=true lastCommand=Some(LastCommand(CommandExecutionWork(ExecutionId(80),{file:/C:/Users/bram.zerbe/dzerbewebsite/}root/*:playForkConfig,Set(LiveClient(play-fork-run 7a8a40bf-e8d0-426b-b645-405a5dc80c4b)),sbt.server.WorkCancellationStatus$$anon$1@3386dbd4)))))
Sending msg to client play-fork-run-7a8a40bf-e8d0-426b-b645-405a5dc80c4b: TaskStarted(80,4758,None)
Sending msg to client play-fork-run-7a8a40bf-e8d0-426b-b645-405a5dc80c4b: TaskStarted(80,4761,None)
Sending msg to client play-fork-run-7a8a40bf-e8d0-426b-b645-405a5dc80c4b: TaskStarted(80,4763,Some(AttributeKey[scala.Tuple2[java.lang.String,java.io.File]]("playPrefixAndAssets") in Scope(Build: file:/C:/Users/bram.zerbe/dzerbewebsite/, , Project: ProjectReference(file:/C:/Users/bram.zerbe/dzerbewebsite/,root))))
Sending msg to client play-fork-run-7a8a40bf-e8d0-426b-b645-405a5dc80c4b: TaskStarted(80,4768,None)
Sending msg to client play-fork-run-7a8a40bf-e8d0-426b-b645-405a5dc80c4b: TaskStarted(80,4776,Some(AttributeKey[java.lang.String]("updateCacheName") in Scope(Build: file:/C:/Users/bram.zerbe/dzerbewebsite/, , Project: ProjectReference(file:/C:/Users/bram.zerbe/dzerbewebsite/,root))))
Sending msg to client play-fork-run-7a8a40bf-e8d0-426b-b645-405a5dc80c4b: TaskStarted(80,4777,Some(AttributeKey[boolean]("skip") in Scope(Global)))
Sending msg to client play-fork-run-7a8a40bf-e8d0-426b-b645-405a5dc80c4b: TaskStarted(80,4780,None)
Sending msg to client play-fork-run-7a8a40bf-e8d0-426b-b645-405a5dc80c4b: TaskStarted(80,4781,None)
Sending msg to client play-fork-run-7a8a40bf-e8d0-426b-b645-405a5dc80c4b: TaskStarted(80,4782,None)
Sending msg to client play-fork-run-7a8a40bf-e8d0-426b-b645-405a5dc80c4b: TaskStarted(80,4785,Some(AttributeKey[scala.collection.Seq[sbt.Credentials]]("credentials") in Scope(Global)))
Sending msg to client play-fork-run-7a8a40bf-e8d0-426b-b645-405a5dc80c4b: TaskStarted(80,4788,Some(AttributeKey[scala.collection.Seq[sbt.Resolver]]("externalResolvers") in Scope(Build: file:/C:/Users/bram.zerbe/dzerbewebsite/, , Project: ProjectReference(file:/C:/Users/bram.zerbe/dzerbewebsite/,root))))
Sending msg to client play-fork-run-7a8a40bf-e8d0-426b-b645-405a5dc80c4b: TaskStarted(80,4789,Some(AttributeKey[scala.Option[scala.collection.Seq[sbt.Resolver]]]("bootResolvers") in Scope(Build: file:/C:/Users/bram.zerbe/dzerbewebsite/, , Project: ProjectReference(file:/C:/Users/bram.zerbe/dzerbewebsite/,root))))
Sending msg to client play-fork-run-7a8a40bf-e8d0-426b-b645-405a5dc80c4b: TaskStarted(80,4799,None)
Sending msg to client play-fork-run-7a8a40bf-e8d0-426b-b645-405a5dc80c4b: TaskStarted(80,4803,None)
Sending msg to client play-fork-run-7a8a40bf-e8d0-426b-b645-405a5dc80c4b: TaskStarted(80,4808,Some(AttributeKey[scala.Option[java.lang.String]]("mainClass") in Scope(Build: file:/C:/Users/bram.zerbe/dzerbewebsite/, , Project: ProjectReference(file:/C:/Users/bram.zerbe/dzerbewebsite/,root), Config: compile, Task: AttributeKey[void]("run"))))
Sending msg to client play-fork-run-7a8a40bf-e8d0-426b-b645-405a5dc80c4b: TaskStarted(80,4809,Some(AttributeKey[scala.collection.Seq[java.lang.String]]("javaOptions") in Scope(Global)))
Sending msg to client play-fork-run-7a8a40bf-e8d0-426b-b645-405a5dc80c4b: TaskFinished(80,4763,Some(AttributeKey[scala.Tuple2[java.lang.String,java.io.File]]("playPrefixAndAssets") in Scope(Build: file:/C:/Users/bram.zerbe/dzerbewebsite/, , Project: ProjectReference(file:/C:/Users/bram.zerbe/dzerbewebsite/,root))),true,None)
Sending msg to client play-fork-run-7a8a40bf-e8d0-426b-b645-405a5dc80c4b: TaskStarted(80,4762,Some(AttributeKey[scala.collection.Seq[scala.Tuple2[java.lang.String,java.io.File]]]("playAllAssets") in Scope(Build: file:/C:/Users/bram.zerbe/dzerbewebsite/, , Project: ProjectReference(file:/C:/Users/bram.zerbe/dzerbewebsite/,root))))
Sending msg to client play-fork-run-7a8a40bf-e8d0-426b-b645-405a5dc80c4b: TaskFinished(80,4768,None,true,None)
Sending msg to client play-fork-run-7a8a40bf-e8d0-426b-b645-405a5dc80c4b: TaskStarted(80,4767,None)
Sending msg to client play-fork-run-7a8a40bf-e8d0-426b-b645-405a5dc80c4b: TaskStarted(80,4771,None)
Sending msg to client play-fork-run-7a8a40bf-e8d0-426b-b645-405a5dc80c4b: TaskStarted(80,4775,None)
Sending msg to client play-fork-run-7a8a40bf-e8d0-426b-b645-405a5dc80c4b: TaskStarted(80,4792,None)
Sending msg to client play-fork-run-7a8a40bf-e8d0-426b-b645-405a5dc80c4b: TaskStarted(80,4793,None)
Sending msg to client play-fork-run-7a8a40bf-e8d0-426b-b645-405a5dc80c4b: TaskStarted(80,4794,None)
Sending msg to client play-fork-run-7a8a40bf-e8d0-426b-b645-405a5dc80c4b: TaskStarted(80,4806,None)
Sending msg to client play-fork-run-7a8a40bf-e8d0-426b-b645-405a5dc80c4b: TaskStarted(80,4807,None)
Sending msg to client play-fork-run-7a8a40bf-e8d0-426b-b645-405a5dc80c4b: TaskFinished(80,4777,Some(AttributeKey[boolean]("skip") in Scope(Global)),true,None)
Sending msg to client play-fork-run-7a8a40bf-e8d0-426b-b645-405a5dc80c4b: TaskFinished(80,4780,None,true,None)
Sending msg to client play-fork-run-7a8a40bf-e8d0-426b-b645-405a5dc80c4b: TaskFinished(80,4781,None,true,None)
Sending msg to client play-fork-run-7a8a40bf-e8d0-426b-b645-405a5dc80c4b: TaskStarted(80,4779,Some(AttributeKey[scala.collection.Seq[sbt.UpdateReport]]("transitiveUpdate") in Scope(Build: file:/C:/Users/bram.zerbe/dzerbewebsite/, , Project: ProjectReference(file:/C:/Users/bram.zerbe/dzerbewebsite/,root))))
Sending msg to client play-fork-run-7a8a40bf-e8d0-426b-b645-405a5dc80c4b: TaskFinished(80,4782,None,true,None)
Sending msg to client play-fork-run-7a8a40bf-e8d0-426b-b645-405a5dc80c4b: TaskFinished(80,4785,Some(AttributeKey[scala.collection.Seq[sbt.Credentials]]("credentials") in Scope(Global)),true,None)
Sending msg to client play-fork-run-7a8a40bf-e8d0-426b-b645-405a5dc80c4b: TaskFinished(80,4788,Some(AttributeKey[scala.collection.Seq[sbt.Resolver]]("externalResolvers") in Scope(Build: file:/C:/Users/bram.zerbe/dzerbewebsite/, , Project: ProjectReference(file:/C:/Users/bram.zerbe/dzerbewebsite/,root))),true,None)
Sending msg to client play-fork-run-7a8a40bf-e8d0-426b-b645-405a5dc80c4b: TaskFinished(80,4789,Some(AttributeKey[scala.Option[scala.collection.Seq[sbt.Resolver]]]("bootResolvers") in Scope(Build: file:/C:/Users/bram.zerbe/dzerbewebsite/, , Project: ProjectReference(file:/C:/Users/bram.zerbe/dzerbewebsite/,root))),true,None)
Sending msg to client play-fork-run-7a8a40bf-e8d0-426b-b645-405a5dc80c4b: TaskFinished(80,4799,None,true,None)
Sending msg to client play-fork-run-7a8a40bf-e8d0-426b-b645-405a5dc80c4b: TaskFinished(80,4803,None,true,None)
Sending msg to client play-fork-run-7a8a40bf-e8d0-426b-b645-405a5dc80c4b: TaskFinished(80,4808,Some(AttributeKey[scala.Option[java.lang.String]]("mainClass") in Scope(Build: file:/C:/Users/bram.zerbe/dzerbewebsite/, , Project: ProjectReference(file:/C:/Users/bram.zerbe/dzerbewebsite/,root), Config: compile, Task: AttributeKey[void]("run"))),true,None)
Sending msg to client play-fork-run-7a8a40bf-e8d0-426b-b645-405a5dc80c4b: TaskFinished(80,4809,Some(AttributeKey[scala.collection.Seq[java.lang.String]]("javaOptions") in Scope(Global)),true,None)
Sending msg to client play-fork-run-7a8a40bf-e8d0-426b-b645-405a5dc80c4b: TaskFinished(80,4762,Some(AttributeKey[scala.collection.Seq[scala.Tuple2[java.lang.String,java.io.File]]]("playAllAssets") in Scope(Build: file:/C:/Users/bram.zerbe/dzerbewebsite/, , Project: ProjectReference(file:/C:/Users/bram.zerbe/dzerbewebsite/,root))),true,None)
Sending msg to client play-fork-run-7a8a40bf-e8d0-426b-b645-405a5dc80c4b: TaskFinished(80,4767,None,true,None)
Sending msg to client play-fork-run-7a8a40bf-e8d0-426b-b645-405a5dc80c4b: TaskFinished(80,4758,None,true,None)
Sending msg to client play-fork-run-7a8a40bf-e8d0-426b-b645-405a5dc80c4b: TaskFinished(80,4775,None,true,None)
Sending msg to client play-fork-run-7a8a40bf-e8d0-426b-b645-405a5dc80c4b: TaskFinished(80,4771,None,true,None)
Sending msg to client play-fork-run-7a8a40bf-e8d0-426b-b645-405a5dc80c4b: TaskFinished(80,4793,None,true,None)
Sending msg to client play-fork-run-7a8a40bf-e8d0-426b-b645-405a5dc80c4b: TaskFinished(80,4794,None,true,None)
Sending msg to client play-fork-run-7a8a40bf-e8d0-426b-b645-405a5dc80c4b: TaskFinished(80,4806,None,true,None)
Sending msg to client play-fork-run-7a8a40bf-e8d0-426b-b645-405a5dc80c4b: TaskFinished(80,4807,None,true,None)
Sending msg to client play-fork-run-7a8a40bf-e8d0-426b-b645-405a5dc80c4b: TaskFinished(80,4779,Some(AttributeKey[scala.collection.Seq[sbt.UpdateReport]]("transitiveUpdate") in Scope(Build: file:/C:/Users/bram.zerbe/dzerbewebsite/, , Project: ProjectReference(file:/C:/Users/bram.zerbe/dzerbewebsite/,root))),true,None)
Sending msg to client play-fork-run-7a8a40bf-e8d0-426b-b645-405a5dc80c4b: TaskFinished(80,4776,Some(AttributeKey[java.lang.String]("updateCacheName") in Scope(Build: file:/C:/Users/bram.zerbe/dzerbewebsite/, , Project: ProjectReference(file:/C:/Users/bram.zerbe/dzerbewebsite/,root))),true,None)
Sending msg to client play-fork-run-7a8a40bf-e8d0-426b-b645-405a5dc80c4b: TaskFinished(80,4792,None,true,None)
Sending msg to client play-fork-run-7a8a40bf-e8d0-426b-b645-405a5dc80c4b: TaskFinished(80,4761,None,true,None)
Sending msg to client play-fork-run-7a8a40bf-e8d0-426b-b645-405a5dc80c4b: TaskStarted(80,4760,Some(AttributeKey[sbt.BuildStructure]("buildStructure") in Scope(Global)))
Sending msg to client play-fork-run-7a8a40bf-e8d0-426b-b645-405a5dc80c4b: TaskStarted(80,4774,Some(AttributeKey[scala.collection.immutable.Map[sbt.ModuleID,sbt.SourcePosition]]("dependencyPositions") in Scope(Build: file:/C:/Users/bram.zerbe/dzerbewebsite/, , Project: ProjectReference(file:/C:/Users/bram.zerbe/dzerbewebsite/,root))))
Sending msg to client play-fork-run-7a8a40bf-e8d0-426b-b645-405a5dc80c4b: TaskStarted(80,4778,Some(AttributeKey[java.io.File]("dependencyCacheDirectory") in Scope(Build: file:/C:/Users/bram.zerbe/dzerbewebsite/, , Project: ProjectReference(file:/C:/Users/bram.zerbe/dzerbewebsite/,root))))
Sending msg to client play-fork-run-7a8a40bf-e8d0-426b-b645-405a5dc80c4b: TaskFinished(80,4760,Some(AttributeKey[sbt.BuildStructure]("buildStructure") in Scope(Global)),true,None)
Sending msg to client play-fork-run-7a8a40bf-e8d0-426b-b645-405a5dc80c4b: TaskStarted(80,4759,Some(AttributeKey[sbt.Settings[sbt.Scope]]("settingsData") in Scope(Global)))
Sending msg to client play-fork-run-7a8a40bf-e8d0-426b-b645-405a5dc80c4b: TaskFinished(80,4778,Some(AttributeKey[java.io.File]("dependencyCacheDirectory") in Scope(Build: file:/C:/Users/bram.zerbe/dzerbewebsite/, , Project: ProjectReference(file:/C:/Users/bram.zerbe/dzerbewebsite/,root))),true,None)
Sending msg to client play-fork-run-7a8a40bf-e8d0-426b-b645-405a5dc80c4b: TaskFinished(80,4759,Some(AttributeKey[sbt.Settings[sbt.Scope]]("settingsData") in Scope(Global)),true,None)
Sending msg to client play-fork-run-7a8a40bf-e8d0-426b-b645-405a5dc80c4b: TaskStarted(80,4757,Some(AttributeKey[scala.collection.Seq[java.io.File]]("playMonitoredFiles") in Scope(Build: file:/C:/Users/bram.zerbe/dzerbewebsite/, , Project: ProjectReference(file:/C:/Users/bram.zerbe/dzerbewebsite/,root))))
Sending msg to client play-fork-run-7a8a40bf-e8d0-426b-b645-405a5dc80c4b: TaskStarted(80,4791,Some(AttributeKey[scala.collection.immutable.Map[org.apache.ivy.core.module.id.ModuleRevisionId,org.apache.ivy.core.module.descriptor.ModuleDescriptor]]("projectDescriptors") in Scope(Build: file:/C:/Users/bram.zerbe/dzerbewebsite/, , Project: ProjectReference(file:/C:/Users/bram.zerbe/dzerbewebsite/,root))))
Sending msg to client play-fork-run-7a8a40bf-e8d0-426b-b645-405a5dc80c4b: TaskStarted(80,4797,Some(AttributeKey[scala.collection.Seq[sbt.ModuleID]]("projectDependencies") in Scope(Build: file:/C:/Users/bram.zerbe/dzerbewebsite/, , Project: ProjectReference(file:/C:/Users/bram.zerbe/dzerbewebsite/,root))))
Sending msg to client play-fork-run-7a8a40bf-e8d0-426b-b645-405a5dc80c4b: TaskStarted(80,4798,None)
Sending msg to client play-fork-run-7a8a40bf-e8d0-426b-b645-405a5dc80c4b: TaskStarted(80,4805,None)
Sending msg to client play-fork-run-7a8a40bf-e8d0-426b-b645-405a5dc80c4b: TaskFinished(80,4797,Some(AttributeKey[scala.collection.Seq[sbt.ModuleID]]("projectDependencies") in Scope(Build: file:/C:/Users/bram.zerbe/dzerbewebsite/, , Project: ProjectReference(file:/C:/Users/bram.zerbe/dzerbewebsite/,root))),true,None)
Sending msg to client play-fork-run-7a8a40bf-e8d0-426b-b645-405a5dc80c4b: TaskStarted(80,4796,Some(AttributeKey[scala.collection.Seq[sbt.ModuleID]]("allDependencies") in Scope(Build: file:/C:/Users/bram.zerbe/dzerbewebsite/, , Project: ProjectReference(file:/C:/Users/bram.zerbe/dzerbewebsite/,root))))
Sending msg to client play-fork-run-7a8a40bf-e8d0-426b-b645-405a5dc80c4b: TaskStarted(80,4812,None)
Sending msg to client play-fork-run-7a8a40bf-e8d0-426b-b645-405a5dc80c4b: TaskStarted(80,4814,None)
Sending msg to client play-fork-run-7a8a40bf-e8d0-426b-b645-405a5dc80c4b: TaskStarted(80,4815,None)
Sending msg to client play-fork-run-7a8a40bf-e8d0-426b-b645-405a5dc80c4b: TaskStarted(80,4819,None)
Sending msg to client play-fork-run-7a8a40bf-e8d0-426b-b645-405a5dc80c4b: TaskStarted(80,4820,None)
Sending msg to client play-fork-run-7a8a40bf-e8d0-426b-b645-405a5dc80c4b: TaskStarted(80,4823,None)
Sending msg to client play-fork-run-7a8a40bf-e8d0-426b-b645-405a5dc80c4b: TaskStarted(80,4824,None)
Sending msg to client play-fork-run-7a8a40bf-e8d0-426b-b645-405a5dc80c4b: TaskStarted(80,4826,None)
Sending msg to client play-fork-run-7a8a40bf-e8d0-426b-b645-405a5dc80c4b: TaskFinished(80,4796,Some(AttributeKey[scala.collection.Seq[sbt.ModuleID]]("allDependencies") in Scope(Build: file:/C:/Users/bram.zerbe/dzerbewebsite/, , Project: ProjectReference(file:/C:/Users/bram.zerbe/dzerbewebsite/,root))),true,None)
Sending msg to client play-fork-run-7a8a40bf-e8d0-426b-b645-405a5dc80c4b: TaskStarted(80,4795,Some(AttributeKey[sbt.ModuleSettings]("moduleSettings") in Scope(Build: file:/C:/Users/bram.zerbe/dzerbewebsite/, , Project: ProjectReference(file:/C:/Users/bram.zerbe/dzerbewebsite/,root))))
Sending msg to client play-fork-run-7a8a40bf-e8d0-426b-b645-405a5dc80c4b: TaskFinished(80,4815,None,true,None)
Sending msg to client play-fork-run-7a8a40bf-e8d0-426b-b645-405a5dc80c4b: BackgroundJobLogEvent(14,LogMessage(info,JVM exiting, shutting down Play fork run ...))
Sending msg to client play-fork-run-7a8a40bf-e8d0-426b-b645-405a5dc80c4b: BackgroundJobLogEvent(14,LogMessage(info,Play fork run already stopped ...))
Sending msg to client play-fork-run-7a8a40bf-e8d0-426b-b645-405a5dc80c4b: BackgroundJobLogEvent(14,LogMessage(info,Forked Play process exited with status: 0))
Sending msg to client play-fork-run-7a8a40bf-e8d0-426b-b645-405a5dc80c4b: BackgroundJobFinished(74,14)
Sending msg to client play-fork-run-7a8a40bf-e8d0-426b-b645-405a5dc80c4b: TaskFinished(80,4798,None,true,None)
Sending msg to client play-fork-run-7a8a40bf-e8d0-426b-b645-405a5dc80c4b: TaskFinished(80,4819,None,true,None)
Sending msg to client play-fork-run-7a8a40bf-e8d0-426b-b645-405a5dc80c4b: TaskFinished(80,4820,None,true,None)
Sending msg to client play-fork-run-7a8a40bf-e8d0-426b-b645-405a5dc80c4b: TaskStarted(80,4818,Some(AttributeKey[scala.collection.Seq[sbt.Attributed[java.io.File]]]("unmanagedJars") in Scope(Build: file:/C:/Users/bram.zerbe/dzerbewebsite/, , Project: ProjectReference(file:/C:/Users/bram.zerbe/dzerbewebsite/,root), Config: runtime)))
Sending msg to client play-fork-run-7a8a40bf-e8d0-426b-b645-405a5dc80c4b: TaskFinished(80,4823,None,true,None)
Sending msg to client play-fork-run-7a8a40bf-e8d0-426b-b645-405a5dc80c4b: TaskFinished(80,4824,None,true,None)
Sending msg to client play-fork-run-7a8a40bf-e8d0-426b-b645-405a5dc80c4b: TaskStarted(80,4822,Some(AttributeKey[scala.collection.Seq[sbt.Attributed[java.io.File]]]("unmanagedJars") in Scope(Build: file:/C:/Users/bram.zerbe/dzerbewebsite/, , Project: ProjectReference(file:/C:/Users/bram.zerbe/dzerbewebsite/,root), Config: compile)))
Sending msg to client play-fork-run-7a8a40bf-e8d0-426b-b645-405a5dc80c4b: TaskFinished(80,4826,None,true,None)
Sending msg to client play-fork-run-7a8a40bf-e8d0-426b-b645-405a5dc80c4b: TaskStarted(80,4825,None)
Sending msg to client play-fork-run-7a8a40bf-e8d0-426b-b645-405a5dc80c4b: TaskFinished(80,4795,Some(AttributeKey[sbt.ModuleSettings]("moduleSettings") in Scope(Build: file:/C:/Users/bram.zerbe/dzerbewebsite/, , Project: ProjectReference(file:/C:/Users/bram.zerbe/dzerbewebsite/,root))),true,None)
Sending msg to client play-fork-run-7a8a40bf-e8d0-426b-b645-405a5dc80c4b: TaskFinished(80,4814,None,true,None)
Sending msg to client play-fork-run-7a8a40bf-e8d0-426b-b645-405a5dc80c4b: TaskStarted(80,4813,None)
Sending msg to client play-fork-run-7a8a40bf-e8d0-426b-b645-405a5dc80c4b: TaskFinished(80,4812,None,true,None)
Sending msg to client play-fork-run-7a8a40bf-e8d0-426b-b645-405a5dc80c4b: TaskFinished(80,4757,Some(AttributeKey[scala.collection.Seq[java.io.File]]("playMonitoredFiles") in Scope(Build: file:/C:/Users/bram.zerbe/dzerbewebsite/, , Project: ProjectReference(file:/C:/Users/bram.zerbe/dzerbewebsite/,root))),true,None)
Sending msg to client play-fork-run-7a8a40bf-e8d0-426b-b645-405a5dc80c4b: TaskFinished(80,4774,Some(AttributeKey[scala.collection.immutable.Map[sbt.ModuleID,sbt.SourcePosition]]("dependencyPositions") in Scope(Build: file:/C:/Users/bram.zerbe/dzerbewebsite/, , Project: ProjectReference(file:/C:/Users/bram.zerbe/dzerbewebsite/,root))),true,None)
Sending msg to client play-fork-run-7a8a40bf-e8d0-426b-b645-405a5dc80c4b: TaskStarted(80,4773,Some(AttributeKey[sbt.UnresolvedWarningConfiguration]("unresolvedWarningConfiguration") in Scope(Build: file:/C:/Users/bram.zerbe/dzerbewebsite/, , Project: ProjectReference(file:/C:/Users/bram.zerbe/dzerbewebsite/,root), Task: AttributeKey[sbt.UpdateReport]("update"))))
Sending msg to client play-fork-run-7a8a40bf-e8d0-426b-b645-405a5dc80c4b: TaskFinished(80,4818,Some(AttributeKey[scala.collection.Seq[sbt.Attributed[java.io.File]]]("unmanagedJars") in Scope(Build: file:/C:/Users/bram.zerbe/dzerbewebsite/, , Project: ProjectReference(file:/C:/Users/bram.zerbe/dzerbewebsite/,root), Config: runtime)),true,None)
Sending msg to client play-fork-run-7a8a40bf-e8d0-426b-b645-405a5dc80c4b: TaskFinished(80,4822,Some(AttributeKey[scala.collection.Seq[sbt.Attributed[java.io.File]]]("unmanagedJars") in Scope(Build: file:/C:/Users/bram.zerbe/dzerbewebsite/, , Project: ProjectReference(file:/C:/Users/bram.zerbe/dzerbewebsite/,root), Config: compile)),true,None)
Sending msg to client play-fork-run-7a8a40bf-e8d0-426b-b645-405a5dc80c4b: TaskFinished(80,4773,Some(AttributeKey[sbt.UnresolvedWarningConfiguration]("unresolvedWarningConfiguration") in Scope(Build: file:/C:/Users/bram.zerbe/dzerbewebsite/, , Project: ProjectReference(file:/C:/Users/bram.zerbe/dzerbewebsite/,root), Task: AttributeKey[sbt.UpdateReport]("update"))),true,None)
Sending msg to client play-fork-run-7a8a40bf-e8d0-426b-b645-405a5dc80c4b: TaskStarted(80,4827,None)
Sending msg to client play-fork-run-7a8a40bf-e8d0-426b-b645-405a5dc80c4b: TaskFinished(80,4813,None,true,None)
Sending msg to client play-fork-run-7a8a40bf-e8d0-426b-b645-405a5dc80c4b: TaskFinished(80,4791,Some(AttributeKey[scala.collection.immutable.Map[org.apache.ivy.core.module.id.ModuleRevisionId,org.apache.ivy.core.module.descriptor.ModuleDescriptor]]("projectDescriptors") in Scope(Build: file:/C:/Users/bram.zerbe/dzerbewebsite/, , Project: ProjectReference(file:/C:/Users/bram.zerbe/dzerbewebsite/,root))),true,None)
Sending msg to client play-fork-run-7a8a40bf-e8d0-426b-b645-405a5dc80c4b: TaskStarted(80,4790,Some(AttributeKey[sbt.Resolver]("projectResolver") in Scope(Build: file:/C:/Users/bram.zerbe/dzerbewebsite/, , Project: ProjectReference(file:/C:/Users/bram.zerbe/dzerbewebsite/,root))))
Sending msg to client play-fork-run-7a8a40bf-e8d0-426b-b645-405a5dc80c4b: TaskFinished(80,4827,None,true,None)
Sending msg to client play-fork-run-7a8a40bf-e8d0-426b-b645-405a5dc80c4b: TaskFinished(80,4825,None,true,None)
Sending msg to client play-fork-run-7a8a40bf-e8d0-426b-b645-405a5dc80c4b: TaskStarted(80,4821,Some(AttributeKey[scala.collection.Seq[sbt.Attributed[java.io.File]]]("unmanagedJars") in Scope(Build: file:/C:/Users/bram.zerbe/dzerbewebsite/, , Project: ProjectReference(file:/C:/Users/bram.zerbe/dzerbewebsite/,root), Config: compile)))
Sending msg to client play-fork-run-7a8a40bf-e8d0-426b-b645-405a5dc80c4b: TaskFinished(80,4790,Some(AttributeKey[sbt.Resolver]("projectResolver") in Scope(Build: file:/C:/Users/bram.zerbe/dzerbewebsite/, , Project: ProjectReference(file:/C:/Users/bram.zerbe/dzerbewebsite/,root))),true,None)
Sending msg to client play-fork-run-7a8a40bf-e8d0-426b-b645-405a5dc80c4b: TaskStarted(80,4787,Some(AttributeKey[scala.collection.Seq[sbt.Resolver]]("fullResolvers") in Scope(Build: file:/C:/Users/bram.zerbe/dzerbewebsite/, , Project: ProjectReference(file:/C:/Users/bram.zerbe/dzerbewebsite/,root))))
Sending msg to client play-fork-run-7a8a40bf-e8d0-426b-b645-405a5dc80c4b: TaskFinished(80,4821,Some(AttributeKey[scala.collection.Seq[sbt.Attributed[java.io.File]]]("unmanagedJars") in Scope(Build: file:/C:/Users/bram.zerbe/dzerbewebsite/, , Project: ProjectReference(file:/C:/Users/bram.zerbe/dzerbewebsite/,root), Config: compile)),true,None)
Sending msg to client play-fork-run-7a8a40bf-e8d0-426b-b645-405a5dc80c4b: TaskStarted(80,4817,None)
Sending msg to client play-fork-run-7a8a40bf-e8d0-426b-b645-405a5dc80c4b: TaskFinished(80,4787,Some(AttributeKey[scala.collection.Seq[sbt.Resolver]]("fullResolvers") in Scope(Build: file:/C:/Users/bram.zerbe/dzerbewebsite/, , Project: ProjectReference(file:/C:/Users/bram.zerbe/dzerbewebsite/,root))),true,None)
Sending msg to client play-fork-run-7a8a40bf-e8d0-426b-b645-405a5dc80c4b: TaskStarted(80,4786,Some(AttributeKey[sbt.IvyConfiguration]("ivyConfiguration") in Scope(Build: file:/C:/Users/bram.zerbe/dzerbewebsite/, , Project: ProjectReference(file:/C:/Users/bram.zerbe/dzerbewebsite/,root))))
Sending msg to client play-fork-run-7a8a40bf-e8d0-426b-b645-405a5dc80c4b: TaskFinished(80,4817,None,true,None)
Sending msg to client play-fork-run-7a8a40bf-e8d0-426b-b645-405a5dc80c4b: TaskStarted(80,4816,None)
Sending msg to client play-fork-run-7a8a40bf-e8d0-426b-b645-405a5dc80c4b: TaskFinished(80,4786,Some(AttributeKey[sbt.IvyConfiguration]("ivyConfiguration") in Scope(Build: file:/C:/Users/bram.zerbe/dzerbewebsite/, , Project: ProjectReference(file:/C:/Users/bram.zerbe/dzerbewebsite/,root))),true,None)
Sending msg to client play-fork-run-7a8a40bf-e8d0-426b-b645-405a5dc80c4b: TaskStarted(80,4784,Some(AttributeKey[sbt.IvySbt]("ivySbt") in Scope(Build: file:/C:/Users/bram.zerbe/dzerbewebsite/, , Project: ProjectReference(file:/C:/Users/bram.zerbe/dzerbewebsite/,root))))
Sending msg to client play-fork-run-7a8a40bf-e8d0-426b-b645-405a5dc80c4b: TaskFinished(80,4816,None,true,None)
Sending msg to client play-fork-run-7a8a40bf-e8d0-426b-b645-405a5dc80c4b: TaskFinished(80,4805,None,true,None)
Sending msg to client play-fork-run-7a8a40bf-e8d0-426b-b645-405a5dc80c4b: TaskStarted(80,4804,Some(AttributeKey[scala.collection.Seq[sbt.Attributed[java.io.File]]]("unmanagedClasspath") in Scope(Build: file:/C:/Users/bram.zerbe/dzerbewebsite/, , Project: ProjectReference(file:/C:/Users/bram.zerbe/dzerbewebsite/,root), Config: runtime)))
Sending msg to client play-fork-run-7a8a40bf-e8d0-426b-b645-405a5dc80c4b: TaskFinished(80,4784,Some(AttributeKey[sbt.IvySbt]("ivySbt") in Scope(Build: file:/C:/Users/bram.zerbe/dzerbewebsite/, , Project: ProjectReference(file:/C:/Users/bram.zerbe/dzerbewebsite/,root))),true,None)
Sending msg to client play-fork-run-7a8a40bf-e8d0-426b-b645-405a5dc80c4b: TaskStarted(80,4783,Some(AttributeKey[sbt.IvySbt$Module]("ivyModule") in Scope(Build: file:/C:/Users/bram.zerbe/dzerbewebsite/, , Project: ProjectReference(file:/C:/Users/bram.zerbe/dzerbewebsite/,root))))
Sending msg to client play-fork-run-7a8a40bf-e8d0-426b-b645-405a5dc80c4b: TaskFinished(80,4804,Some(AttributeKey[scala.collection.Seq[sbt.Attributed[java.io.File]]]("unmanagedClasspath") in Scope(Build: file:/C:/Users/bram.zerbe/dzerbewebsite/, , Project: ProjectReference(file:/C:/Users/bram.zerbe/dzerbewebsite/,root), Config: runtime)),true,None)
Sending msg to client play-fork-run-7a8a40bf-e8d0-426b-b645-405a5dc80c4b: TaskFinished(80,4783,Some(AttributeKey[sbt.IvySbt$Module]("ivyModule") in Scope(Build: file:/C:/Users/bram.zerbe/dzerbewebsite/, , Project: ProjectReference(file:/C:/Users/bram.zerbe/dzerbewebsite/,root))),true,None)
Sending msg to client play-fork-run-7a8a40bf-e8d0-426b-b645-405a5dc80c4b: TaskStarted(80,4772,Some(AttributeKey[sbt.UpdateReport]("update") in Scope(Build: file:/C:/Users/bram.zerbe/dzerbewebsite/, , Project: ProjectReference(file:/C:/Users/bram.zerbe/dzerbewebsite/,root))))
Sending msg to client play-fork-run-7a8a40bf-e8d0-426b-b645-405a5dc80c4b: TaskFinished(80,4772,Some(AttributeKey[sbt.UpdateReport]("update") in Scope(Build: file:/C:/Users/bram.zerbe/dzerbewebsite/, , Project: ProjectReference(file:/C:/Users/bram.zerbe/dzerbewebsite/,root))),true,None)
Sending msg to client play-fork-run-7a8a40bf-e8d0-426b-b645-405a5dc80c4b: TaskStarted(80,4770,Some(AttributeKey[sbt.UpdateReport]("update") in Scope(Build: file:/C:/Users/bram.zerbe/dzerbewebsite/, , Project: ProjectReference(file:/C:/Users/bram.zerbe/dzerbewebsite/,root))))
Sending msg to client play-fork-run-7a8a40bf-e8d0-426b-b645-405a5dc80c4b: TaskFinished(80,4770,Some(AttributeKey[sbt.UpdateReport]("update") in Scope(Build: file:/C:/Users/bram.zerbe/dzerbewebsite/, , Project: ProjectReference(file:/C:/Users/bram.zerbe/dzerbewebsite/,root))),true,None)
Sending msg to client play-fork-run-7a8a40bf-e8d0-426b-b645-405a5dc80c4b: TaskStarted(80,4802,Some(AttributeKey[sbt.Configuration]("classpathConfiguration") in Scope(Build: file:/C:/Users/bram.zerbe/dzerbewebsite/, , Project: ProjectReference(file:/C:/Users/bram.zerbe/dzerbewebsite/,root), Config: compile)))
Sending msg to client play-fork-run-7a8a40bf-e8d0-426b-b645-405a5dc80c4b: TaskStarted(80,4810,Some(AttributeKey[scala.collection.Seq[sbt.Attributed[java.io.File]]]("managedClasspath") in Scope(Build: file:/C:/Users/bram.zerbe/dzerbewebsite/, , Project: ProjectReference(file:/C:/Users/bram.zerbe/dzerbewebsite/,root), Config: docs)))
Sending msg to client play-fork-run-7a8a40bf-e8d0-426b-b645-405a5dc80c4b: TaskFinished(80,4802,Some(AttributeKey[sbt.Configuration]("classpathConfiguration") in Scope(Build: file:/C:/Users/bram.zerbe/dzerbewebsite/, , Project: ProjectReference(file:/C:/Users/bram.zerbe/dzerbewebsite/,root), Config: compile)),true,None)
Sending msg to client play-fork-run-7a8a40bf-e8d0-426b-b645-405a5dc80c4b: TaskStarted(80,4801,None)
Sending msg to client play-fork-run-7a8a40bf-e8d0-426b-b645-405a5dc80c4b: TaskFinished(80,4810,Some(AttributeKey[scala.collection.Seq[sbt.Attributed[java.io.File]]]("managedClasspath") in Scope(Build: file:/C:/Users/bram.zerbe/dzerbewebsite/, , Project: ProjectReference(file:/C:/Users/bram.zerbe/dzerbewebsite/,root), Config: docs)),true,None)
Sending msg to client play-fork-run-7a8a40bf-e8d0-426b-b645-405a5dc80c4b: TaskStarted(80,4811,Some(AttributeKey[scala.Option[java.io.File]]("playDocsJar") in Scope(Build: file:/C:/Users/bram.zerbe/dzerbewebsite/, , Project: ProjectReference(file:/C:/Users/bram.zerbe/dzerbewebsite/,root))))
Sending msg to client play-fork-run-7a8a40bf-e8d0-426b-b645-405a5dc80c4b: TaskFinished(80,4801,None,true,None)
Sending msg to client play-fork-run-7a8a40bf-e8d0-426b-b645-405a5dc80c4b: TaskStarted(80,4800,Some(AttributeKey[sbt.Configuration]("classpathConfiguration") in Scope(Build: file:/C:/Users/bram.zerbe/dzerbewebsite/, , Project: ProjectReference(file:/C:/Users/bram.zerbe/dzerbewebsite/,root), Config: runtime)))
Sending msg to client play-fork-run-7a8a40bf-e8d0-426b-b645-405a5dc80c4b: TaskFinished(80,4811,Some(AttributeKey[scala.Option[java.io.File]]("playDocsJar") in Scope(Build: file:/C:/Users/bram.zerbe/dzerbewebsite/, , Project: ProjectReference(file:/C:/Users/bram.zerbe/dzerbewebsite/,root))),true,None)
Sending msg to client play-fork-run-7a8a40bf-e8d0-426b-b645-405a5dc80c4b: TaskFinished(80,4800,Some(AttributeKey[sbt.Configuration]("classpathConfiguration") in Scope(Build: file:/C:/Users/bram.zerbe/dzerbewebsite/, , Project: ProjectReference(file:/C:/Users/bram.zerbe/dzerbewebsite/,root), Config: runtime)),true,None)
Sending msg to client play-fork-run-7a8a40bf-e8d0-426b-b645-405a5dc80c4b: TaskStarted(80,4769,None)
Sending msg to client play-fork-run-7a8a40bf-e8d0-426b-b645-405a5dc80c4b: TaskFinished(80,4769,None,true,None)
Sending msg to client play-fork-run-7a8a40bf-e8d0-426b-b645-405a5dc80c4b: TaskStarted(80,4766,Some(AttributeKey[scala.collection.Seq[sbt.Attributed[java.io.File]]]("managedClasspath") in Scope(Build: file:/C:/Users/bram.zerbe/dzerbewebsite/, , Project: ProjectReference(file:/C:/Users/bram.zerbe/dzerbewebsite/,root), Config: runtime)))
Sending msg to client play-fork-run-7a8a40bf-e8d0-426b-b645-405a5dc80c4b: TaskFinished(80,4766,Some(AttributeKey[scala.collection.Seq[sbt.Attributed[java.io.File]]]("managedClasspath") in Scope(Build: file:/C:/Users/bram.zerbe/dzerbewebsite/, , Project: ProjectReference(file:/C:/Users/bram.zerbe/dzerbewebsite/,root), Config: runtime)),true,None)
Sending msg to client play-fork-run-7a8a40bf-e8d0-426b-b645-405a5dc80c4b: TaskStarted(80,4765,None)
Sending msg to client play-fork-run-7a8a40bf-e8d0-426b-b645-405a5dc80c4b: TaskFinished(80,4765,None,true,None)
Sending msg to client play-fork-run-7a8a40bf-e8d0-426b-b645-405a5dc80c4b: TaskStarted(80,4764,Some(AttributeKey[scala.collection.Seq[sbt.Attributed[java.io.File]]]("playDependencyClasspath") in Scope(Build: file:/C:/Users/bram.zerbe/dzerbewebsite/, , Project: ProjectReference(file:/C:/Users/bram.zerbe/dzerbewebsite/,root))))
Sending msg to client play-fork-run-7a8a40bf-e8d0-426b-b645-405a5dc80c4b: TaskFinished(80,4764,Some(AttributeKey[scala.collection.Seq[sbt.Attributed[java.io.File]]]("playDependencyClasspath") in Scope(Build: file:/C:/Users/bram.zerbe/dzerbewebsite/, , Project: ProjectReference(file:/C:/Users/bram.zerbe/dzerbewebsite/,root))),true,None)
Sending msg to client play-fork-run-7a8a40bf-e8d0-426b-b645-405a5dc80c4b: TaskStarted(80,4756,Some(AttributeKey[play.forkrun.protocol.ForkConfig]("playForkConfig") in Scope(Build: file:/C:/Users/bram.zerbe/dzerbewebsite/, , Project: ProjectReference(file:/C:/Users/bram.zerbe/dzerbewebsite/,root))))
Sending msg to client play-fork-run-7a8a40bf-e8d0-426b-b645-405a5dc80c4b: TaskFinished(80,4756,Some(AttributeKey[play.forkrun.protocol.ForkConfig]("playForkConfig") in Scope(Build: file:/C:/Users/bram.zerbe/dzerbewebsite/, , Project: ProjectReference(file:/C:/Users/bram.zerbe/dzerbewebsite/,root))),true,None)
Sending msg to client play-fork-run-7a8a40bf-e8d0-426b-b645-405a5dc80c4b: ValueChanged(AttributeKey[play.forkrun.protocol.ForkConfig]("playForkConfig") in Scope(Build: file:/C:/Users/bram.zerbe/dzerbewebsite/, , Project: ProjectReference(file:/C:/Users/bram.zerbe/dzerbewebsite/,root)),TaskSuccess(BuildValue(LazyValue(ForkConfig(C:\Users\bram.zerbe\dzerbewebsite,List(),List(C:\Users\bram.zerbe\.ivy2\cache\org.scala-lang\scala-library\jars\scala-library-2.11.6.jar, C:\Users\bram.zerbe\.ivy2\cache\com.typesafe.play\twirl-api_2.11\jars\twirl-api_2.11-1.1.1.jar, C:\Users\bram.zerbe\.ivy2\cache\org.apache.commons\commons-lang3\jars\commons-lang3-3.4.jar, C:\Users\bram.zerbe\.ivy2\cache\org.scala-lang.modules\scala-xml_2.11\bundles\scala-xml_2.11-1.0.1.jar, C:\Users\bram.zerbe\.ivy2\cache\com.typesafe.play\play-enhancer\jars\play-enhancer-1.1.0.jar, C:\Users\bram.zerbe\.ivy2\cache\com.typesafe.play\play-server_2.11\jars\play-server_2.11-2.4.3.jar, C:\Users\bram.zerbe\.ivy2\cache\com.typesafe.play\play_2.11\jars\play_2.11-2.4.3.jar, C:\Users\bram.zerbe\.ivy2\cache\com.typesafe.play\build-link\jars\build-link-2.4.3.jar, C:\Users\bram.zerbe\.ivy2\cache\com.typesafe.play\play-exceptions\jars\play-exceptions-2.4.3.jar, C:\Users\bram.zerbe\.ivy2\cache\org.javassist\javassist\bundles\javassist-3.19.0-GA.jar, C:\Users\bram.zerbe\.ivy2\cache\com.typesafe.play\play-iteratees_2.11\jars\play-iteratees_2.11-2.4.3.jar, C:\Users\bram.zerbe\.ivy2\cache\org.scala-stm\scala-stm_2.11\jars\scala-stm_2.11-0.7.jar, C:\Users\bram.zerbe\.ivy2\cache\com.typesafe\config\bundles\config-1.3.0.jar, C:\Users\bram.zerbe\.ivy2\cache\com.typesafe.play\play-json_2.11\jars\play-json_2.11-2.4.3.jar, C:\Users\bram.zerbe\.ivy2\cache\com.typesafe.play\play-functional_2.11\jars\play-functional_2.11-2.4.3.jar, C:\Users\bram.zerbe\.ivy2\cache\com.typesafe.play\play-datacommons_2.11\jars\play-datacommons_2.11-2.4.3.jar, C:\Users\bram.zerbe\.ivy2\cache\joda-time\joda-time\jars\joda-time-2.8.1.jar, C:\Users\bram.zerbe\.ivy2\cache\org.joda\joda-convert\jars\joda-convert-1.7.jar, C:\Users\bram.zerbe\.ivy2\cache\org.scala-lang\scala-reflect\jars\scala-reflect-2.11.6.jar, C:\Users\bram.zerbe\.ivy2\cache\com.fasterxml.jackson.core\jackson-core\bundles\jackson-core-2.5.4.jar, C:\Users\bram.zerbe\.ivy2\cache\com.fasterxml.jackson.core\jackson-annotations\bundles\jackson-annotations-2.5.4.jar, C:\Users\bram.zerbe\.ivy2\cache\com.fasterxml.jackson.core\jackson-databind\bundles\jackson-databind-2.5.4.jar, C:\Users\bram.zerbe\.ivy2\cache\com.fasterxml.jackson.datatype\jackson-datatype-jdk8\bundles\jackson-datatype-jdk8-2.5.4.jar, C:\Users\bram.zerbe\.ivy2\cache\com.fasterxml.jackson.datatype\jackson-datatype-jsr310\bundles\jackson-datatype-jsr310-2.5.4.jar, C:\Users\bram.zerbe\.ivy2\cache\com.typesafe.play\play-netty-utils\jars\play-netty-utils-2.4.3.jar, C:\Users\bram.zerbe\.ivy2\cache\org.slf4j\slf4j-api\jars\slf4j-api-1.7.12.jar, C:\Users\bram.zerbe\.ivy2\cache\org.slf4j\jul-to-slf4j\jars\jul-to-slf4j-1.7.12.jar, C:\Users\bram.zerbe\.ivy2\cache\org.slf4j\jcl-over-slf4j\jars\jcl-over-slf4j-1.7.12.jar, C:\Users\bram.zerbe\.ivy2\cache\org.scala-lang.modules\scala-parser-combinators_2.11\bundles\scala-parser-combinators_2.11-1.0.1.jar, C:\Users\bram.zerbe\.ivy2\cache\ch.qos.logback\logback-core\jars\logback-core-1.1.3.jar, C:\Users\bram.zerbe\.ivy2\cache\ch.qos.logback\logback-classic\jars\logback-classic-1.1.3.jar, C:\Users\bram.zerbe\.ivy2\cache\com.typesafe.akka\akka-actor_2.11\jars\akka-actor_2.11-2.3.13.jar, C:\Users\bram.zerbe\.ivy2\cache\com.typesafe.akka\akka-slf4j_2.11\jars\akka-slf4j_2.11-2.3.13.jar, C:\Users\bram.zerbe\.ivy2\cache\commons-codec\commons-codec\jars\commons-codec-1.10.jar, C:\Users\bram.zerbe\.ivy2\cache\xerces\xercesImpl\jars\xercesImpl-2.11.0.jar, C:\Users\bram.zerbe\.ivy2\cache\xml-apis\xml-apis\jars\xml-apis-1.4.01.jar, C:\Users\bram.zerbe\.ivy2\cache\javax.transaction\jta\jars\jta-1.1.jar, C:\Users\bram.zerbe\.ivy2\cache\com.google.inject\guice\jars\guice-4.0.jar, C:\Users\bram.zerbe\.ivy2\cache\javax.inject\javax.inject\jars\javax.inject-1.jar, C:\Users\bram.zerbe\.ivy2\cache\aopalliance\aopalliance\jars\aopalliance-1.0.jar, C:\Users\bram.zerbe\.ivy2\cache\com.google.inject.extensions\guice-assistedinject\jars\guice-assistedinject-4.0.jar, C:\Users\bram.zerbe\.ivy2\cache\com.typesafe.play\play-java_2.11\jars\play-java_2.11-2.4.3.jar, C:\Users\bram.zerbe\.ivy2\cache\org.scala-lang.modules\scala-java8-compat_2.11\bundles\scala-java8-compat_2.11-0.3.0.jar, C:\Users\bram.zerbe\.ivy2\cache\org.yaml\snakeyaml\bundles\snakeyaml-1.15.jar, C:\Users\bram.zerbe\.ivy2\cache\org.hibernate\hibernate-validator\jars\hibernate-validator-5.0.3.Final.jar, C:\Users\bram.zerbe\.ivy2\cache\javax.validation\validation-api\jars\validation-api-1.1.0.Final.jar, C:\Users\bram.zerbe\.ivy2\cache\com.fasterxml\classmate\bundles\classmate-1.0.0.jar, C:\Users\bram.zerbe\.ivy2\cache\org.jboss.logging\jboss-logging\jars\jboss-logging-3.2.1.Final.jar, C:\Users\bram.zerbe\.ivy2\cache\org.springframework\spring-context\jars\spring-context-4.1.6.RELEASE.jar, C:\Users\bram.zerbe\.ivy2\cache\org.springframework\spring-core\jars\spring-core-4.1.6.RELEASE.jar, C:\Users\bram.zerbe\.ivy2\cache\org.springframework\spring-beans\jars\spring-beans-4.1.6.RELEASE.jar, C:\Users\bram.zerbe\.ivy2\cache\org.reflections\reflections\jars\reflections-0.9.9.jar, C:\Users\bram.zerbe\.ivy2\cache\com.google.guava\guava\bundles\guava-18.0.jar, C:\Users\bram.zerbe\.ivy2\cache\com.google.code.findbugs\annotations\jars\annotations-2.0.1.jar, C:\Users\bram.zerbe\.ivy2\cache\net.jodah\typetools\bundles\typetools-0.4.1.jar, C:\Users\bram.zerbe\.ivy2\cache\com.google.code.findbugs\jsr305\jars\jsr305-2.0.3.jar, C:\Users\bram.zerbe\.ivy2\cache\org.apache.tomcat\tomcat-servlet-api\jars\tomcat-servlet-api-8.0.21.jar, C:\Users\bram.zerbe\.ivy2\cache\com.typesafe.play\play-netty-server_2.11\jars\play-netty-server_2.11-2.4.3.jar, C:\Users\bram.zerbe\.ivy2\cache\io.netty\netty\bundles\netty-3.10.4.Final.jar, C:\Users\bram.zerbe\.ivy2\cache\com.typesafe.netty\netty-http-pipelining\jars\netty-http-pipelining-1.1.4.jar, C:\Users\bram.zerbe\.ivy2\cache\com.typesafe.play\play-java-jdbc_2.11\jars\play-java-jdbc_2.11-2.4.3.jar, C:\Users\bram.zerbe\.ivy2\cache\com.typesafe.play\play-jdbc_2.11\jars\play-jdbc_2.11-2.4.3.jar, C:\Users\bram.zerbe\.ivy2\cache\com.typesafe.play\play-jdbc-api_2.11\jars\play-jdbc-api_2.11-2.4.3.jar, C:\Users\bram.zerbe\.ivy2\cache\com.jolbox\bonecp\bundles\bonecp-0.8.0.RELEASE.jar, C:\Users\bram.zerbe\.ivy2\cache\com.zaxxer\HikariCP\bundles\HikariCP-2.3.7.jar, C:\Users\bram.zerbe\.ivy2\cache\com.h2database\h2\jars\h2-1.4.187.jar, C:\Users\bram.zerbe\.ivy2\cache\tyrex\tyrex\jars\tyrex-1.0.1.jar, C:\Users\bram.zerbe\.ivy2\cache\com.typesafe.play\play-cache_2.11\jars\play-cache_2.11-2.4.3.jar, C:\Users\bram.zerbe\.ivy2\cache\net.sf.ehcache\ehcache-core\jars\ehcache-core-2.6.11.jar, C:\Users\bram.zerbe\.ivy2\cache\com.typesafe.play\play-java-ws_2.11\jars\play-java-ws_2.11-2.4.3.jar, C:\Users\bram.zerbe\.ivy2\cache\com.typesafe.play\play-ws_2.11\jars\play-ws_2.11-2.4.3.jar, C:\Users\bram.zerbe\.ivy2\cache\com.ning\async-http-client\jars\async-http-client-1.9.21.jar, C:\Users\bram.zerbe\.ivy2\cache\oauth.signpost\signpost-core\jars\signpost-core-1.2.1.2.jar, C:\Users\bram.zerbe\.ivy2\cache\oauth.signpost\signpost-commonshttp4\jars\signpost-commonshttp4-1.2.1.2.jar, C:\Users\bram.zerbe\.ivy2\cache\org.apache.httpcomponents\httpcore\jars\httpcore-4.0.1.jar, C:\Users\bram.zerbe\.ivy2\cache\org.apache.httpcomponents\httpclient\jars\httpclient-4.0.1.jar, C:\Users\bram.zerbe\.ivy2\cache\commons-logging\commons-logging\jars\commons-logging-1.1.1.jar),List((public/,C:\Users\bram.zerbe\dzerbewebsite\target\web\public\main)),List(C:\Users\bram.zerbe\.ivy2\cache\com.typesafe.play\play-omnidoc_2.11\jars\play-omnidoc_2.11-2.4.3.jar, C:\Users\bram.zerbe\.ivy2\cache\org.scala-lang\scala-library\jars\scala-library-2.11.6.jar, C:\Users\bram.zerbe\.ivy2\cache\com.typesafe.play\play-docs_2.11\jars\play-docs_2.11-2.4.3.jar, C:\Users\bram.zerbe\.ivy2\cache\com.typesafe.play\play-netty-server_2.11\jars\play-netty-server_2.11-2.4.3.jar, C:\Users\bram.zerbe\.ivy2\cache\com.typesafe.play\play-server_2.11\jars\play-server_2.11-2.4.3.jar, C:\Users\bram.zerbe\.ivy2\cache\com.typesafe.play\play_2.11\jars\play_2.11-2.4.3.jar, C:\Users\bram.zerbe\.ivy2\cache\com.typesafe.play\build-link\jars\build-link-2.4.3.jar, C:\Users\bram.zerbe\.ivy2\cache\com.typesafe.play\play-exceptions\jars\play-exceptions-2.4.3.jar, C:\Users\bram.zerbe\.ivy2\cache\org.javassist\javassist\bundles\javassist-3.19.0-GA.jar, C:\Users\bram.zerbe\.ivy2\cache\com.typesafe.play\play-iteratees_2.11\jars\play-iteratees_2.11-2.4.3.jar, C:\Users\bram.zerbe\.ivy2\cache\org.scala-stm\scala-stm_2.11\jars\scala-stm_2.11-0.7.jar, C:\Users\bram.zerbe\.ivy2\cache\com.typesafe\config\bundles\config-1.3.0.jar, C:\Users\bram.zerbe\.ivy2\cache\com.typesafe.play\play-json_2.11\jars\play-json_2.11-2.4.3.jar, C:\Users\bram.zerbe\.ivy2\cache\com.typesafe.play\play-functional_2.11\jars\play-functional_2.11-2.4.3.jar, C:\Users\bram.zerbe\.ivy2\cache\com.typesafe.play\play-datacommons_2.11\jars\play-datacommons_2.11-2.4.3.jar, C:\Users\bram.zerbe\.ivy2\cache\joda-time\joda-time\jars\joda-time-2.8.1.jar, C:\Users\bram.zerbe\.ivy2\cache\org.joda\joda-convert\jars\joda-convert-1.7.jar, C:\Users\bram.zerbe\.ivy2\cache\org.scala-lang\scala-reflect\jars\scala-reflect-2.11.6.jar, C:\Users\bram.zerbe\.ivy2\cache\com.fasterxml.jackson.core\jackson-core\bundles\jackson-core-2.5.4.jar, C:\Users\bram.zerbe\.ivy2\cache\com.fasterxml.jackson.core\jackson-annotations\bundles\jackson-annotations-2.5.4.jar, C:\Users\bram.zerbe\.ivy2\cache\com.fasterxml.jackson.core\jackson-databind\bundles\jackson-databind-2.5.4.jar, C:\Users\bram.zerbe\.ivy2\cache\com.fasterxml.jackson.datatype\jackson-datatype-jdk8\bundles\jackson-datatype-jdk8-2.5.4.jar, C:\Users\bram.zerbe\.ivy2\cache\com.fasterxml.jackson.datatype\jackson-datatype-jsr310\bundles\jackson-datatype-jsr310-2.5.4.jar, C:\Users\bram.zerbe\.ivy2\cache\com.typesafe.play\play-netty-utils\jars\play-netty-utils-2.4.3.jar, C:\Users\bram.zerbe\.ivy2\cache\org.slf4j\slf4j-api\jars\slf4j-api-1.7.12.jar, C:\Users\bram.zerbe\.ivy2\cache\org.slf4j\jul-to-slf4j\jars\jul-to-slf4j-1.7.12.jar, C:\Users\bram.zerbe\.ivy2\cache\org.slf4j\jcl-over-slf4j\jars\jcl-over-slf4j-1.7.12.jar, C:\Users\bram.zerbe\.ivy2\cache\com.typesafe.play\twirl-api_2.11\jars\twirl-api_2.11-1.1.1.jar, C:\Users\bram.zerbe\.ivy2\cache\org.apache.commons\commons-lang3\jars\commons-lang3-3.4.jar, C:\Users\bram.zerbe\.ivy2\cache\org.scala-lang.modules\scala-xml_2.11\bundles\scala-xml_2.11-1.0.1.jar, C:\Users\bram.zerbe\.ivy2\cache\org.scala-lang.modules\scala-parser-combinators_2.11\bundles\scala-parser-combinators_2.11-1.0.1.jar, C:\Users\bram.zerbe\.ivy2\cache\ch.qos.logback\logback-core\jars\logback-core-1.1.3.jar, C:\Users\bram.zerbe\.ivy2\cache\ch.qos.logback\logback-classic\jars\logback-classic-1.1.3.jar, C:\Users\bram.zerbe\.ivy2\cache\com.typesafe.akka\akka-actor_2.11\jars\akka-actor_2.11-2.3.13.jar, C:\Users\bram.zerbe\.ivy2\cache\com.typesafe.akka\akka-slf4j_2.11\jars\akka-slf4j_2.11-2.3.13.jar, C:\Users\bram.zerbe\.ivy2\cache\commons-codec\commons-codec\jars\commons-codec-1.10.jar, C:\Users\bram.zerbe\.ivy2\cache\xerces\xercesImpl\jars\xercesImpl-2.11.0.jar, C:\Users\bram.zerbe\.ivy2\cache\xml-apis\xml-apis\jars\xml-apis-1.4.01.jar, C:\Users\bram.zerbe\.ivy2\cache\javax.transaction\jta\jars\jta-1.1.jar, C:\Users\bram.zerbe\.ivy2\cache\com.google.inject\guice\jars\guice-4.0.jar, C:\Users\bram.zerbe\.ivy2\cache\javax.inject\javax.inject\jars\javax.inject-1.jar, C:\Users\bram.zerbe\.ivy2\cache\aopalliance\aopalliance\jars\aopalliance-1.0.jar, C:\Users\bram.zerbe\.ivy2\cache\com.google.guava\guava\bundles\guava-16.0.1.jar, C:\Users\bram.zerbe\.ivy2\cache\com.google.inject.extensions\guice-assistedinject\jars\guice-assistedinject-4.0.jar, C:\Users\bram.zerbe\.ivy2\cache\io.netty\netty\bundles\netty-3.10.4.Final.jar, C:\Users\bram.zerbe\.ivy2\cache\com.typesafe.netty\netty-http-pipelining\jars\netty-http-pipelining-1.1.4.jar, C:\Users\bram.zerbe\.ivy2\cache\com.typesafe.play\play-doc_2.11\jars\play-doc_2.11-1.2.2.jar, C:\Users\bram.zerbe\.ivy2\cache\org.pegdown\pegdown\jars\pegdown-1.4.0.jar, C:\Users\bram.zerbe\.ivy2\cache\org.parboiled\parboiled-java\bundles\parboiled-java-1.1.5.jar, C:\Users\bram.zerbe\.ivy2\cache\org.parboiled\parboiled-core\bundles\parboiled-core-1.1.5.jar, C:\Users\bram.zerbe\.ivy2\cache\org.ow2.asm\asm\jars\asm-4.1.jar, C:\Users\bram.zerbe\.ivy2\cache\org.ow2.asm\asm-tree\jars\asm-tree-4.1.jar, C:\Users\bram.zerbe\.ivy2\cache\org.ow2.asm\asm-analysis\jars\asm-analysis-4.1.jar, C:\Users\bram.zerbe\.ivy2\cache\org.ow2.asm\asm-util\jars\asm-util-4.1.jar, C:\Users\bram.zerbe\.ivy2\cache\commons-io\commons-io\jars\commons-io-2.4.jar),Some(C:\Users\bram.zerbe\.ivy2\cache\com.typesafe.play\play-omnidoc_2.11\jars\play-omnidoc_2.11-2.4.3.jar),List(),9000,0.0.0.0,DefaultWatchService,List(C:\Users\bram.zerbe\dzerbewebsite\public, C:\Users\bram.zerbe\dzerbewebsite\conf, C:\Users\bram.zerbe\dzerbewebsite\app-2.11, C:\Users\bram.zerbe\dzerbewebsite\app),C:\Users\bram.zerbe\dzerbewebsite\target,500,root/playForkNotifyStart,root/playForkReload,300000,play.core.server.DevServerStart),scala.pickling.PicklerUnpickler$DelegatingPicklerUnpickler@5627173a),ForkConfig(C:\Users\bram.zerbe\dzerbewebsite,List(),List(C:\Users\bram.zerbe\.ivy2\cache\org.scala-lang\scala-library\jars\scala-library-2.11.6.jar, C:\Users\bram.zerbe\.ivy2\cache\com.typesafe.play\twirl-api_2.11\jars\twirl-api_2.11-1.1.1.jar, C:\Users\bram.zerbe\.ivy2\cache\org.apache.commons\commons-lang3\jars\commons-lang3-3.4.jar, C:\Users\bram.zerbe\.ivy2\cache\org.scala-lang.modules\scala-xml_2.11\bundles\scala-xml_2.11-1.0.1.jar, C:\Users\bram.zerbe\.ivy2\cache\com.typesafe.play\play-enhancer\jars\play-enhancer-1.1.0.jar, C:\Users\bram.zerbe\.ivy2\cache\com.typesafe.play\play-server_2.11\jars\play-server_2.11-2.4.3.jar, C:\Users\bram.zerbe\.ivy2\cache\com.typesafe.play\play_2.11\jars\play_2.11-2.4.3.jar, C:\Users\bram.zerbe\.ivy2\cache\com.typesafe.play\build-link\jars\build-link-2.4.3.jar, C:\Users\bram.zerbe\.ivy2\cache\com.typesafe.play\play-exceptions\jars\play-exceptions-2.4.3.jar, C:\Users\bram.zerbe\.ivy2\cache\org.javassist\javassist\bundles\javassist-3.19.0-GA.jar, C:\Users\bram.zerbe\.ivy2\cache\com.typesafe.play\play-iteratees_2.11\jars\play-iteratees_2.11-2.4.3.jar, C:\Users\bram.zerbe\.ivy2\cache\org.scala-stm\scala-stm_2.11\jars\scala-stm_2.11-0.7.jar, C:\Users\bram.zerbe\.ivy2\cache\com.typesafe\config\bundles\config-1.3.0.jar, C:\Users\bram.zerbe\.ivy2\cache\com.typesafe.play\play-json_2.11\jars\play-json_2.11-2.4.3.jar, C:\Users\bram.zerbe\.ivy2\cache\com.typesafe.play\play-functional_2.11\jars\play-functional_2.11-2.4.3.jar, C:\Users\bram.zerbe\.ivy2\cache\com.typesafe.play\play-datacommons_2.11\jars\play-datacommons_2.11-2.4.3.jar, C:\Users\bram.zerbe\.ivy2\cache\joda-time\joda-time\jars\joda-time-2.8.1.jar, C:\Users\bram.zerbe\.ivy2\cache\org.joda\joda-convert\jars\joda-convert-1.7.jar, C:\Users\bram.zerbe\.ivy2\cache\org.scala-lang\scala-reflect\jars\scala-reflect-2.11.6.jar, C:\Users\bram.zerbe\.ivy2\cache\com.fasterxml.jackson.core\jackson-core\bundles\jackson-core-2.5.4.jar, C:\Users\bram.zerbe\.ivy2\cache\com.fasterxml.jackson.core\jackson-annotations\bundles\jackson-annotations-2.5.4.jar, C:\Users\bram.zerbe\.ivy2\cache\com.fasterxml.jackson.core\jackson-databind\bundles\jackson-databind-2.5.4.jar, C:\Users\bram.zerbe\.ivy2\cache\com.fasterxml.jackson.datatype\jackson-datatype-jdk8\bundles\jackson-datatype-jdk8-2.5.4.jar, C:\Users\bram.zerbe\.ivy2\cache\com.fasterxml.jackson.datatype\jackson-datatype-jsr310\bundles\jackson-datatype-jsr310-2.5.4.jar, C:\Users\bram.zerbe\.ivy2\cache\com.typesafe.play\play-netty-utils\jars\play-netty-utils-2.4.3.jar, C:\Users\bram.zerbe\.ivy2\cache\org.slf4j\slf4j-api\jars\slf4j-api-1.7.12.jar, C:\Users\bram.zerbe\.ivy2\cache\org.slf4j\jul-to-slf4j\jars\jul-to-slf4j-1.7.12.jar, C:\Users\bram.zerbe\.ivy2\cache\org.slf4j\jcl-over-slf4j\jars\jcl-over-slf4j-1.7.12.jar, C:\Users\bram.zerbe\.ivy2\cache\org.scala-lang.modules\scala-parser-combinators_2.11\bundles\scala-parser-combinators_2.11-1.0.1.jar, C:\Users\bram.zerbe\.ivy2\cache\ch.qos.logback\logback-core\jars\logback-core-1.1.3.jar, C:\Users\bram.zerbe\.ivy2\cache\ch.qos.logback\logback-classic\jars\logback-classic-1.1.3.jar, C:\Users\bram.zerbe\.ivy2\cache\com.typesafe.akka\akka-actor_2.11\jars\akka-actor_2.11-2.3.13.jar, C:\Users\bram.zerbe\.ivy2\cache\com.typesafe.akka\akka-slf4j_2.11\jars\akka-slf4j_2.11-2.3.13.jar, C:\Users\bram.zerbe\.ivy2\cache\commons-codec\commons-codec\jars\commons-codec-1.10.jar, C:\Users\bram.zerbe\.ivy2\cache\xerces\xercesImpl\jars\xercesImpl-2.11.0.jar, C:\Users\bram.zerbe\.ivy2\cache\xml-apis\xml-apis\jars\xml-apis-1.4.01.jar, C:\Users\bram.zerbe\.ivy2\cache\javax.transaction\jta\jars\jta-1.1.jar, C:\Users\bram.zerbe\.ivy2\cache\com.google.inject\guice\jars\guice-4.0.jar, C:\Users\bram.zerbe\.ivy2\cache\javax.inject\javax.inject\jars\javax.inject-1.jar, C:\Users\bram.zerbe\.ivy2\cache\aopalliance\aopalliance\jars\aopalliance-1.0.jar, C:\Users\bram.zerbe\.ivy2\cache\com.google.inject.extensions\guice-assistedinject\jars\guice-assistedinject-4.0.jar, C:\Users\bram.zerbe\.ivy2\cache\com.typesafe.play\play-java_2.11\jars\play-java_2.11-2.4.3.jar, C:\Users\bram.zerbe\.ivy2\cache\org.scala-lang.modules\scala-java8-compat_2.11\bundles\scala-java8-compat_2.11-0.3.0.jar, C:\Users\bram.zerbe\.ivy2\cache\org.yaml\snakeyaml\bundles\snakeyaml-1.15.jar, C:\Users\bram.zerbe\.ivy2\cache\org.hibernate\hibernate-validator\jars\hibernate-validator-5.0.3.Final.jar, C:\Users\bram.zerbe\.ivy2\cache\javax.validation\validation-api\jars\validation-api-1.1.0.Final.jar, C:\Users\bram.zerbe\.ivy2\cache\com.fasterxml\classmate\bundles\classmate-1.0.0.jar, C:\Users\bram.zerbe\.ivy2\cache\org.jboss.logging\jboss-logging\jars\jboss-logging-3.2.1.Final.jar, C:\Users\bram.zerbe\.ivy2\cache\org.springframework\spring-context\jars\spring-context-4.1.6.RELEASE.jar, C:\Users\bram.zerbe\.ivy2\cache\org.springframework\spring-core\jars\spring-core-4.1.6.RELEASE.jar, C:\Users\bram.zerbe\.ivy2\cache\org.springframework\spring-beans\jars\spring-beans-4.1.6.RELEASE.jar, C:\Users\bram.zerbe\.ivy2\cache\org.reflections\reflections\jars\reflections-0.9.9.jar, C:\Users\bram.zerbe\.ivy2\cache\com.google.guava\guava\bundles\guava-18.0.jar, C:\Users\bram.zerbe\.ivy2\cache\com.google.code.findbugs\annotations\jars\annotations-2.0.1.jar, C:\Users\bram.zerbe\.ivy2\cache\net.jodah\typetools\bundles\typetools-0.4.1.jar, C:\Users\bram.zerbe\.ivy2\cache\com.google.code.findbugs\jsr305\jars\jsr305-2.0.3.jar, C:\Users\bram.zerbe\.ivy2\cache\org.apache.tomcat\tomcat-servlet-api\jars\tomcat-servlet-api-8.0.21.jar, C:\Users\bram.zerbe\.ivy2\cache\com.typesafe.play\play-netty-server_2.11\jars\play-netty-server_2.11-2.4.3.jar, C:\Users\bram.zerbe\.ivy2\cache\io.netty\netty\bundles\netty-3.10.4.Final.jar, C:\Users\bram.zerbe\.ivy2\cache\com.typesafe.netty\netty-http-pipelining\jars\netty-http-pipelining-1.1.4.jar, C:\Users\bram.zerbe\.ivy2\cache\com.typesafe.play\play-java-jdbc_2.11\jars\play-java-jdbc_2.11-2.4.3.jar, C:\Users\bram.zerbe\.ivy2\cache\com.typesafe.play\play-jdbc_2.11\jars\play-jdbc_2.11-2.4.3.jar, C:\Users\bram.zerbe\.ivy2\cache\com.typesafe.play\play-jdbc-api_2.11\jars\play-jdbc-api_2.11-2.4.3.jar, C:\Users\bram.zerbe\.ivy2\cache\com.jolbox\bonecp\bundles\bonecp-0.8.0.RELEASE.jar, C:\Users\bram.zerbe\.ivy2\cache\com.zaxxer\HikariCP\bundles\HikariCP-2.3.7.jar, C:\Users\bram.zerbe\.ivy2\cache\com.h2database\h2\jars\h2-1.4.187.jar, C:\Users\bram.zerbe\.ivy2\cache\tyrex\tyrex\jars\tyrex-1.0.1.jar, C:\Users\bram.zerbe\.ivy2\cache\com.typesafe.play\play-cache_2.11\jars\play-cache_2.11-2.4.3.jar, C:\Users\bram.zerbe\.ivy2\cache\net.sf.ehcache\ehcache-core\jars\ehcache-core-2.6.11.jar, C:\Users\bram.zerbe\.ivy2\cache\com.typesafe.play\play-java-ws_2.11\jars\play-java-ws_2.11-2.4.3.jar, C:\Users\bram.zerbe\.ivy2\cache\com.typesafe.play\play-ws_2.11\jars\play-ws_2.11-2.4.3.jar, C:\Users\bram.zerbe\.ivy2\cache\com.ning\async-http-client\jars\async-http-client-1.9.21.jar, C:\Users\bram.zerbe\.ivy2\cache\oauth.signpost\signpost-core\jars\signpost-core-1.2.1.2.jar, C:\Users\bram.zerbe\.ivy2\cache\oauth.signpost\signpost-commonshttp4\jars\signpost-commonshttp4-1.2.1.2.jar, C:\Users\bram.zerbe\.ivy2\cache\org.apache.httpcomponents\httpcore\jars\httpcore-4.0.1.jar, C:\Users\bram.zerbe\.ivy2\cache\org.apache.httpcomponents\httpclient\jars\httpclient-4.0.1.jar, C:\Users\bram.zerbe\.ivy2\cache\commons-logging\commons-logging\jars\commons-logging-1.1.1.jar),List((public/,C:\Users\bram.zerbe\dzerbewebsite\target\web\public\main)),List(C:\Users\bram.zerbe\.ivy2\cache\com.typesafe.play\play-omnidoc_2.11\jars\play-omnidoc_2.11-2.4.3.jar, C:\Users\bram.zerbe\.ivy2\cache\org.scala-lang\scala-library\jars\scala-library-2.11.6.jar, C:\Users\bram.zerbe\.ivy2\cache\com.typesafe.play\play-docs_2.11\jars\play-docs_2.11-2.4.3.jar, C:\Users\bram.zerbe\.ivy2\cache\com.typesafe.play\play-netty-server_2.11\jars\play-netty-server_2.11-2.4.3.jar, C:\Users\bram.zerbe\.ivy2\cache\com.typesafe.play\play-server_2.11\jars\play-server_2.11-2.4.3.jar, C:\Users\bram.zerbe\.ivy2\cache\com.typesafe.play\play_2.11\jars\play_2.11-2.4.3.jar, C:\Users\bram.zerbe\.ivy2\cache\com.typesafe.play\build-link\jars\build-link-2.4.3.jar, C:\Users\bram.zerbe\.ivy2\cache\com.typesafe.play\play-exceptions\jars\play-exceptions-2.4.3.jar, C:\Users\bram.zerbe\.ivy2\cache\org.javassist\javassist\bundles\javassist-3.19.0-GA.jar, C:\Users\bram.zerbe\.ivy2\cache\com.typesafe.play\play-iteratees_2.11\jars\play-iteratees_2.11-2.4.3.jar, C:\Users\bram.zerbe\.ivy2\cache\org.scala-stm\scala-stm_2.11\jars\scala-stm_2.11-0.7.jar, C:\Users\bram.zerbe\.ivy2\cache\com.typesafe\config\bundles\config-1.3.0.jar, C:\Users\bram.zerbe\.ivy2\cache\com.typesafe.play\play-json_2.11\jars\play-json_2.11-2.4.3.jar, C:\Users\bram.zerbe\.ivy2\cache\com.typesafe.play\play-functional_2.11\jars\play-functional_2.11-2.4.3.jar, C:\Users\bram.zerbe\.ivy2\cache\com.typesafe.play\play-datacommons_2.11\jars\play-datacommons_2.11-2.4.3.jar, C:\Users\bram.zerbe\.ivy2\cache\joda-time\joda-time\jars\joda-time-2.8.1.jar, C:\Users\bram.zerbe\.ivy2\cache\org.joda\joda-convert\jars\joda-convert-1.7.jar, C:\Users\bram.zerbe\.ivy2\cache\org.scala-lang\scala-reflect\jars\scala-reflect-2.11.6.jar, C:\Users\bram.zerbe\.ivy2\cache\com.fasterxml.jackson.core\jackson-core\bundles\jackson-core-2.5.4.jar, C:\Users\bram.zerbe\.ivy2\cache\com.fasterxml.jackson.core\jackson-annotations\bundles\jackson-annotations-2.5.4.jar, C:\Users\bram.zerbe\.ivy2\cache\com.fasterxml.jackson.core\jackson-databind\bundles\jackson-databind-2.5.4.jar, C:\Users\bram.zerbe\.ivy2\cache\com.fasterxml.jackson.datatype\jackson-datatype-jdk8\bundles\jackson-datatype-jdk8-2.5.4.jar, C:\Users\bram.zerbe\.ivy2\cache\com.fasterxml.jackson.datatype\jackson-datatype-jsr310\bundles\jackson-datatype-jsr310-2.5.4.jar, C:\Users\bram.zerbe\.ivy2\cache\com.typesafe.play\play-netty-utils\jars\play-netty-utils-2.4.3.jar, C:\Users\bram.zerbe\.ivy2\cache\org.slf4j\slf4j-api\jars\slf4j-api-1.7.12.jar, C:\Users\bram.zerbe\.ivy2\cache\org.slf4j\jul-to-slf4j\jars\jul-to-slf4j-1.7.12.jar, C:\Users\bram.zerbe\.ivy2\cache\org.slf4j\jcl-over-slf4j\jars\jcl-over-slf4j-1.7.12.jar, C:\Users\bram.zerbe\.ivy2\cache\com.typesafe.play\twirl-api_2.11\jars\twirl-api_2.11-1.1.1.jar, C:\Users\bram.zerbe\.ivy2\cache\org.apache.commons\commons-lang3\jars\commons-lang3-3.4.jar, C:\Users\bram.zerbe\.ivy2\cache\org.scala-lang.modules\scala-xml_2.11\bundles\scala-xml_2.11-1.0.1.jar, C:\Users\bram.zerbe\.ivy2\cache\org.scala-lang.modules\scala-parser-combinators_2.11\bundles\scala-parser-combinators_2.11-1.0.1.jar, C:\Users\bram.zerbe\.ivy2\cache\ch.qos.logback\logback-core\jars\logback-core-1.1.3.jar, C:\Users\bram.zerbe\.ivy2\cache\ch.qos.logback\logback-classic\jars\logback-classic-1.1.3.jar, C:\Users\bram.zerbe\.ivy2\cache\com.typesafe.akka\akka-actor_2.11\jars\akka-actor_2.11-2.3.13.jar, C:\Users\bram.zerbe\.ivy2\cache\com.typesafe.akka\akka-slf4j_2.11\jars\akka-slf4j_2.11-2.3.13.jar, C:\Users\bram.zerbe\.ivy2\cache\commons-codec\commons-codec\jars\commons-codec-1.10.jar, C:\Users\bram.zerbe\.ivy2\cache\xerces\xercesImpl\jars\xercesImpl-2.11.0.jar, C:\Users\bram.zerbe\.ivy2\cache\xml-apis\xml-apis\jars\xml-apis-1.4.01.jar, C:\Users\bram.zerbe\.ivy2\cache\javax.transaction\jta\jars\jta-1.1.jar, C:\Users\bram.zerbe\.ivy2\cache\com.google.inject\guice\jars\guice-4.0.jar, C:\Users\bram.zerbe\.ivy2\cache\javax.inject\javax.inject\jars\javax.inject-1.jar, C:\Users\bram.zerbe\.ivy2\cache\aopalliance\aopalliance\jars\aopalliance-1.0.jar, C:\Users\bram.zerbe\.ivy2\cache\com.google.guava\guava\bundles\guava-16.0.1.jar, C:\Users\bram.zerbe\.ivy2\cache\com.google.inject.extensions\guice-assistedinject\jars\guice-assistedinject-4.0.jar, C:\Users\bram.zerbe\.ivy2\cache\io.netty\netty\bundles\netty-3.10.4.Final.jar, C:\Users\bram.zerbe\.ivy2\cache\com.typesafe.netty\netty-http-pipelining\jars\netty-http-pipelining-1.1.4.jar, C:\Users\bram.zerbe\.ivy2\cache\com.typesafe.play\play-doc_2.11\jars\play-doc_2.11-1.2.2.jar, C:\Users\bram.zerbe\.ivy2\cache\org.pegdown\pegdown\jars\pegdown-1.4.0.jar, C:\Users\bram.zerbe\.ivy2\cache\org.parboiled\parboiled-java\bundles\parboiled-java-1.1.5.jar, C:\Users\bram.zerbe\.ivy2\cache\org.parboiled\parboiled-core\bundles\parboiled-core-1.1.5.jar, C:\Users\bram.zerbe\.ivy2\cache\org.ow2.asm\asm\jars\asm-4.1.jar, C:\Users\bram.zerbe\.ivy2\cache\org.ow2.asm\asm-tree\jars\asm-tree-4.1.jar, C:\Users\bram.zerbe\.ivy2\cache\org.ow2.asm\asm-analysis\jars\asm-analysis-4.1.jar, C:\Users\bram.zerbe\.ivy2\cache\org.ow2.asm\asm-util\jars\asm-util-4.1.jar, C:\Users\bram.zerbe\.ivy2\cache\commons-io\commons-io\jars\commons-io-2.4.jar),Some(C:\Users\bram.zerbe\.ivy2\cache\com.typesafe.play\play-omnidoc_2.11\jars\play-omnidoc_2.11-2.4.3.jar),List(),9000,0.0.0.0,DefaultWatchService,List(C:\Users\bram.zerbe\dzerbewebsite\public, C:\Users\bram.zerbe\dzerbewebsite\conf, C:\Users\bram.zerbe\dzerbewebsite\app-2.11, C:\Users\bram.zerbe\dzerbewebsite\app),C:\Users\bram.zerbe\dzerbewebsite\target,500,root/playForkNotifyStart,root/playForkReload,300000,play.core.server.DevServerStart))))
Sending msg to client play-fork-run-7a8a40bf-e8d0-426b-b645-405a5dc80c4b: TaskStarted(80,4755,None)
Sending msg to client play-fork-run-7a8a40bf-e8d0-426b-b645-405a5dc80c4b: TaskFinished(80,4755,None,true,None)
Sending msg to client play-fork-run-7a8a40bf-e8d0-426b-b645-405a5dc80c4b: TaskStarted(80,4754,None)
Sending msg to client play-fork-run-7a8a40bf-e8d0-426b-b645-405a5dc80c4b: TaskFinished(80,4754,None,true,None)
Sending msg to client play-fork-run-7a8a40bf-e8d0-426b-b645-405a5dc80c4b: DetachedLogEvent(LogMessage(debug,cancel strategy finish enabled=false lastCommand=Some(LastCommand(CommandExecutionWork(ExecutionId(80),{file:/C:/Users/bram.zerbe/dzerbewebsite/}root/*:playForkConfig,Set(LiveClient(play-fork-run 7a8a40bf-e8d0-426b-b645-405a5dc80c4b)),sbt.server.WorkCancellationStatus$$anon$1@3386dbd4)))))
Sending msg to client play-fork-run-7a8a40bf-e8d0-426b-b645-405a5dc80c4b: DetachedLogEvent(LogSuccess(Total time: 1 s, completed Sep 17, 2015 8:05:35 AM))
Sending msg to client play-fork-run-7a8a40bf-e8d0-426b-b645-405a5dc80c4b: DetachedLogEvent(LogMessage(debug,> server-post-command-cleanup))
Sending msg to client play-fork-run-7a8a40bf-e8d0-426b-b645-405a5dc80c4b: ExecutionSuccess(80)
Sending msg to client play-fork-run-7a8a40bf-e8d0-426b-b645-405a5dc80c4b: DetachedLogEvent(LogMessage(debug,> server-handle-next-server-request))
Sending msg to client play-fork-run-7a8a40bf-e8d0-426b-b645-405a5dc80c4b: BackgroundJobLogEvent(15,LogMessage(info,))
Sending msg to client play-fork-run-7a8a40bf-e8d0-426b-b645-405a5dc80c4b: BackgroundJobLogEvent(15,LogMessage(info,--- (Running the application, auto-reloading is enabled) ---))
Sending msg to client play-fork-run-7a8a40bf-e8d0-426b-b645-405a5dc80c4b: BackgroundJobLogEvent(15,LogMessage(info,))
Sending msg to client play-fork-run-7a8a40bf-e8d0-426b-b645-405a5dc80c4b: BackgroundJobLogEvent(15,LogMessage(info,p.c.s.NettyServer - Listening for HTTP on /0:0:0:0:0:0:0:0:9000))
Sending msg to client play-fork-run-7a8a40bf-e8d0-426b-b645-405a5dc80c4b: BackgroundJobLogEvent(15,LogMessage(info,))
Sending msg to client play-fork-run-7a8a40bf-e8d0-426b-b645-405a5dc80c4b: BackgroundJobLogEvent(15,LogMessage(info,(Server started, use Ctrl+D to stop and go back to the console...)))
Sending msg to client play-fork-run-7a8a40bf-e8d0-426b-b645-405a5dc80c4b: BackgroundJobLogEvent(15,LogMessage(info,))
Got request: ExecutionRequest(root/playForkNotifyStart http://localhost:9000)
Reading next message from client.
Sending msg to client play-fork-run-7a8a40bf-e8d0-426b-b645-405a5dc80c4b: (8,ExecutionRequestReceived(81))
Sending msg to client play-fork-run-7a8a40bf-e8d0-426b-b645-405a5dc80c4b: ExecutionWaiting(81,root/playForkNotifyStart http://localhost:9000,ClientInfo(7a8a40bf-e8d0-426b-b645-405a5dc80c4b,play-fork-run,Play Fork Run,1,Vector()))
Sending msg to client play-fork-run-7a8a40bf-e8d0-426b-b645-405a5dc80c4b: ExecutionStarting(81)
Sending msg to client play-fork-run-7a8a40bf-e8d0-426b-b645-405a5dc80c4b: DetachedLogEvent(LogMessage(debug,> root/playForkNotifyStart http://localhost:9000))
Sending msg to client play-fork-run-7a8a40bf-e8d0-426b-b645-405a5dc80c4b: DetachedLogEvent(LogMessage(debug,Evaluating tasks: *:playForkNotifyStart))
Sending msg to client play-fork-run-7a8a40bf-e8d0-426b-b645-405a5dc80c4b: DetachedLogEvent(LogMessage(debug,Running task... Cancel: sbt.server.ServerTaskCancellation@1ba386cf, check cycles: false))
Sending msg to client play-fork-run-7a8a40bf-e8d0-426b-b645-405a5dc80c4b: DetachedLogEvent(LogMessage(debug,cancel strategy start enabled=true lastCommand=Some(LastCommand(CommandExecutionWork(ExecutionId(81),root/playForkNotifyStart http://localhost:9000,Set(LiveClient(play-fork-run 7a8a40bf-e8d0-426b-b645-405a5dc80c4b)),sbt.server.WorkCancellationStatus$$anon$1@6e1e1f1f)))))
Sending msg to client play-fork-run-7a8a40bf-e8d0-426b-b645-405a5dc80c4b: TaskStarted(81,4832,Some(AttributeKey[sbt.SendEventService]("sendEventService") in Scope(Global)))
Sending msg to client play-fork-run-7a8a40bf-e8d0-426b-b645-405a5dc80c4b: TaskFinished(81,4832,Some(AttributeKey[sbt.SendEventService]("sendEventService") in Scope(Global)),true,None)
Sending msg to client play-fork-run-7a8a40bf-e8d0-426b-b645-405a5dc80c4b: TaskStarted(81,4831,Some(AttributeKey[scala.Function1[java.lang.String,void]]("playForkStarted") in Scope(Build: file:/C:/Users/bram.zerbe/dzerbewebsite/, , Project: ProjectReference(file:/C:/Users/bram.zerbe/dzerbewebsite/,root))))
Sending msg to client play-fork-run-7a8a40bf-e8d0-426b-b645-405a5dc80c4b: TaskFinished(81,4831,Some(AttributeKey[scala.Function1[java.lang.String,void]]("playForkStarted") in Scope(Build: file:/C:/Users/bram.zerbe/dzerbewebsite/, , Project: ProjectReference(file:/C:/Users/bram.zerbe/dzerbewebsite/,root))),true,None)
Sending msg to client play-fork-run-7a8a40bf-e8d0-426b-b645-405a5dc80c4b: TaskStarted(81,4830,Some(AttributeKey[void]("playForkNotifyStart") in Scope(Build: file:/C:/Users/bram.zerbe/dzerbewebsite/, , Project: ProjectReference(file:/C:/Users/bram.zerbe/dzerbewebsite/,root))))
Sending msg to client play-fork-run-7a8a40bf-e8d0-426b-b645-405a5dc80c4b: TaskEvent(4830,LazyValue(PlayServerStarted(http://localhost:9000),play.forkrun.protocol.Serializers$PlayForkrunProtocolPlayServerStartedPickler1$2$@4512bb9a))
Sending msg to client play-fork-run-7a8a40bf-e8d0-426b-b645-405a5dc80c4b: TaskFinished(81,4830,Some(AttributeKey[void]("playForkNotifyStart") in Scope(Build: file:/C:/Users/bram.zerbe/dzerbewebsite/, , Project: ProjectReference(file:/C:/Users/bram.zerbe/dzerbewebsite/,root))),true,None)
Sending msg to client play-fork-run-7a8a40bf-e8d0-426b-b645-405a5dc80c4b: TaskStarted(81,4829,None)
Sending msg to client play-fork-run-7a8a40bf-e8d0-426b-b645-405a5dc80c4b: TaskFinished(81,4829,None,true,None)
Sending msg to client play-fork-run-7a8a40bf-e8d0-426b-b645-405a5dc80c4b: TaskStarted(81,4828,None)
Sending msg to client play-fork-run-7a8a40bf-e8d0-426b-b645-405a5dc80c4b: TaskFinished(81,4828,None,true,None)
Sending msg to client play-fork-run-7a8a40bf-e8d0-426b-b645-405a5dc80c4b: DetachedLogEvent(LogMessage(debug,cancel strategy finish enabled=false lastCommand=Some(LastCommand(CommandExecutionWork(ExecutionId(81),root/playForkNotifyStart http://localhost:9000,Set(LiveClient(play-fork-run 7a8a40bf-e8d0-426b-b645-405a5dc80c4b)),sbt.server.WorkCancellationStatus$$anon$1@6e1e1f1f)))))
Sending msg to client play-fork-run-7a8a40bf-e8d0-426b-b645-405a5dc80c4b: DetachedLogEvent(LogSuccess(Total time: 0 s, completed Sep 17, 2015 8:05:38 AM))
Sending msg to client play-fork-run-7a8a40bf-e8d0-426b-b645-405a5dc80c4b: DetachedLogEvent(LogMessage(debug,> server-post-command-cleanup))
Sending msg to client play-fork-run-7a8a40bf-e8d0-426b-b645-405a5dc80c4b: ExecutionSuccess(81)
Sending msg to client play-fork-run-7a8a40bf-e8d0-426b-b645-405a5dc80c4b: DetachedLogEvent(LogMessage(debug,> server-handle-next-server-request))
Sending msg to client play-fork-run-7a8a40bf-e8d0-426b-b645-405a5dc80c4b: ExecutionWaiting(82,jobStop 15,ClientInfo(652026c3-004f-47e5-b762-ee794139be35,activator,Activator,3,Vector()))
Sending msg to client play-fork-run-7a8a40bf-e8d0-426b-b645-405a5dc80c4b: ExecutionStarting(82)
Sending msg to client play-fork-run-7a8a40bf-e8d0-426b-b645-405a5dc80c4b: DetachedLogEvent(LogMessage(debug,> jobStop 15))
Sending msg to client play-fork-run-7a8a40bf-e8d0-426b-b645-405a5dc80c4b: DetachedLogEvent(LogMessage(debug,Evaluating tasks: *:jobStop))
Sending msg to client play-fork-run-7a8a40bf-e8d0-426b-b645-405a5dc80c4b: DetachedLogEvent(LogMessage(debug,Running task... Cancel: sbt.server.ServerTaskCancellation@5d534aa9, check cycles: false))
Sending msg to client play-fork-run-7a8a40bf-e8d0-426b-b645-405a5dc80c4b: DetachedLogEvent(LogMessage(debug,cancel strategy start enabled=true lastCommand=Some(LastCommand(CommandExecutionWork(ExecutionId(82),jobStop 15,Set(LiveClient(activator 652026c3-004f-47e5-b762-ee794139be35)),sbt.server.WorkCancellationStatus$$anon$1@14d45892)))))
Sending msg to client play-fork-run-7a8a40bf-e8d0-426b-b645-405a5dc80c4b: TaskStarted(82,4835,Some(AttributeKey[void]("jobStop") in Scope(Global)))
Sending msg to client play-fork-run-7a8a40bf-e8d0-426b-b645-405a5dc80c4b: BackgroundJobLogEvent(15,LogMessage(info,Stopping Play fork run ...))
Sending msg to client play-fork-run-7a8a40bf-e8d0-426b-b645-405a5dc80c4b: TaskFinished(82,4835,Some(AttributeKey[void]("jobStop") in Scope(Global)),true,None)
Sending msg to client play-fork-run-7a8a40bf-e8d0-426b-b645-405a5dc80c4b: TaskStarted(82,4834,None)
Sending msg to client play-fork-run-7a8a40bf-e8d0-426b-b645-405a5dc80c4b: TaskFinished(82,4834,None,true,None)
Sending msg to client play-fork-run-7a8a40bf-e8d0-426b-b645-405a5dc80c4b: TaskStarted(82,4833,None)
Sending msg to client play-fork-run-7a8a40bf-e8d0-426b-b645-405a5dc80c4b: TaskFinished(82,4833,None,true,None)
Sending msg to client play-fork-run-7a8a40bf-e8d0-426b-b645-405a5dc80c4b: DetachedLogEvent(LogMessage(debug,cancel strategy finish enabled=false lastCommand=Some(LastCommand(CommandExecutionWork(ExecutionId(82),jobStop 15,Set(LiveClient(activator 652026c3-004f-47e5-b762-ee794139be35)),sbt.server.WorkCancellationStatus$$anon$1@14d45892)))))
Sending msg to client play-fork-run-7a8a40bf-e8d0-426b-b645-405a5dc80c4b: DetachedLogEvent(LogSuccess(Total time: 0 s, completed Sep 17, 2015 8:06:02 AM))
Sending msg to client play-fork-run-7a8a40bf-e8d0-426b-b645-405a5dc80c4b: DetachedLogEvent(LogMessage(debug,> server-post-command-cleanup))
Sending msg to client play-fork-run-7a8a40bf-e8d0-426b-b645-405a5dc80c4b: ExecutionSuccess(82)
Sending msg to client play-fork-run-7a8a40bf-e8d0-426b-b645-405a5dc80c4b: DetachedLogEvent(LogMessage(debug,> server-handle-next-server-request))
Got request: UnlistenToEvents()
Reading next message from client.
Sending msg to client play-fork-run-7a8a40bf-e8d0-426b-b645-405a5dc80c4b: (9,ReceivedResponse())
Got request: UnlistenToValue(AttributeKey[play.forkrun.protocol.ForkConfig]("playForkConfig") in Scope(Build: file:/C:/Users/bram.zerbe/dzerbewebsite/, , Project: ProjectReference(file:/C:/Users/bram.zerbe/dzerbewebsite/,root)))
Reading next message from client.
Client play-fork-run-7a8a40bf-e8d0-426b-b645-405a5dc80c4b EOF, shutting down.
Stopping client.
Client play-fork-run-7a8a40bf-e8d0-426b-b645-405a5dc80c4b thread exiting.
Dropping message (10,ReceivedResponse()) to dead client play-fork-run-7a8a40bf-e8d0-426b-b645-405a5dc80c4b
Dropping message (0,ReceivedResponse()) to dead client play-fork-run-7a8a40bf-e8d0-426b-b645-405a5dc80c4b
